<?xml version="1.0" encoding="UTF-8"?>
<!-- Generated by org.testng.reporters.JUnitReportReporter -->
<testsuite hostname="SL-1155.local" failures="0" tests="4" name="com.yourcompany.Tests.NetworkLogTest" time="317.821" errors="0" timestamp="25 Jul 2019 17:44:51 GMT">
  <testcase classname="com.yourcompany.Tests.NetworkLogTest" name="networkLogShouldHaveMainjs" time="76.707"/>
  <testcase classname="com.yourcompany.Tests.NetworkLogTest" name="networkLogShouldHaveMainjs" time="84.025"/>
  <testcase classname="com.yourcompany.Tests.NetworkLogTest" name="networkLogShouldHaveMainjs" time="83.230"/>
  <testcase classname="com.yourcompany.Tests.NetworkLogTest" name="networkLogShouldHaveMainjs" time="73.859"/>
</testsuite> <!-- com.yourcompany.Tests.NetworkLogTest -->
